2025-06-03 20:15:37,199 - snmp_collector - INFO - Collecteur SNMPv3 natif initialisé
2025-06-03 20:15:37,210 - snmp_collector - INFO -   → Cible: dme_simulator:161
2025-06-03 20:15:37,211 - snmp_collector - INFO -   → Utilisateur: dmeuser
2025-06-03 20:15:37,212 - snmp_collector - INFO -   → Intervalle: 10s
2025-06-03 20:15:37,212 - snmp_collector - INFO -   → OIDs à collecter: 26
2025-06-03 20:15:37,213 - snmp_collector - INFO - DÉMARRAGE COLLECTEUR SNMPV3 NATIF
2025-06-03 20:15:37,213 - snmp_collector - INFO - Collecte toutes les 10 secondes
2025-06-03 20:15:37,214 - snmp_collector - INFO - === DÉBUT COLLECTE SNMPV3 ===
2025-06-03 20:15:41,498 - snmp_collector - ERROR - Timeout snmpget pour 1.3.6.1.4.1.32275.2.1.2.2.5.10
2025-06-03 20:15:45,158 - snmp_collector - ERROR - Erreur snmpget pour 1.3.6.1.4.1.32275.2.1.2.2.5.34: snmpget: Unknown host (dme_simulator:161)
2025-06-03 20:15:52,167 - snmp_collector - ERROR - Timeout snmpget pour 1.3.6.1.4.1.32275.2.1.2.2.8.10
2025-06-03 20:15:59,177 - snmp_collector - ERROR - Timeout snmpget pour 1.3.6.1.4.1.32275.2.1.2.2.8.34
2025-06-03 20:16:06,187 - snmp_collector - ERROR - Timeout snmpget pour 1.3.6.1.4.1.32275.2.1.2.2.5.11
2025-06-03 20:16:10,466 - snmp_collector - ERROR - Timeout snmpget pour 1.3.6.1.4.1.32275.2.1.2.2.5.35
2025-06-03 20:16:17,491 - snmp_collector - ERROR - Timeout snmpget pour 1.3.6.1.4.1.32275.2.1.2.2.8.11
2025-06-03 20:16:24,501 - snmp_collector - ERROR - Timeout snmpget pour 1.3.6.1.4.1.32275.2.1.2.2.8.35
2025-06-03 20:16:31,516 - snmp_collector - ERROR - Timeout snmpget pour 1.3.6.1.4.1.32275.2.1.2.2.5.12
2025-06-03 20:16:35,803 - snmp_collector - ERROR - Timeout snmpget pour 1.3.6.1.4.1.32275.2.1.2.2.5.36
2025-06-03 20:16:42,813 - snmp_collector - ERROR - Timeout snmpget pour 1.3.6.1.4.1.32275.2.1.2.2.8.12
2025-06-03 20:16:49,826 - snmp_collector - ERROR - Timeout snmpget pour 1.3.6.1.4.1.32275.2.1.2.2.8.36
2025-06-03 20:16:56,844 - snmp_collector - ERROR - Timeout snmpget pour 1.3.6.1.4.1.32275.2.1.2.2.5.13
2025-06-03 20:17:01,132 - snmp_collector - ERROR - Timeout snmpget pour 1.3.6.1.4.1.32275.2.1.2.2.5.37
2025-06-03 20:17:08,149 - snmp_collector - ERROR - Timeout snmpget pour 1.3.6.1.4.1.32275.2.1.2.2.8.13
2025-06-03 20:17:15,157 - snmp_collector - ERROR - Timeout snmpget pour 1.3.6.1.4.1.32275.2.1.2.2.8.37
2025-06-03 20:17:22,168 - snmp_collector - ERROR - Timeout snmpget pour 1.3.6.1.4.1.32275.2.1.2.2.5.14
2025-06-03 20:17:29,175 - snmp_collector - ERROR - Timeout snmpget pour 1.3.6.1.4.1.32275.2.1.2.2.5.38
2025-06-03 20:17:33,460 - snmp_collector - ERROR - Timeout snmpget pour 1.3.6.1.4.1.32275.2.1.2.2.8.14
2025-06-03 20:17:40,472 - snmp_collector - ERROR - Timeout snmpget pour 1.3.6.1.4.1.32275.2.1.2.2.8.38
2025-06-03 20:17:47,478 - snmp_collector - ERROR - Timeout snmpget pour 1.3.6.1.4.1.32275.2.1.2.2.5.15
2025-06-03 20:17:54,481 - snmp_collector - ERROR - Timeout snmpget pour 1.3.6.1.4.1.32275.2.1.2.2.8.15
2025-06-03 20:17:58,760 - snmp_collector - ERROR - Timeout snmpget pour 1.3.6.1.4.1.32275.2.1.2.2.5.16
2025-06-03 20:18:05,770 - snmp_collector - ERROR - Timeout snmpget pour 1.3.6.1.4.1.32275.2.1.2.2.8.16
2025-06-03 20:18:12,793 - snmp_collector - ERROR - Timeout snmpget pour 1.3.6.1.4.1.32275.2.1.2.2.5.17
2025-06-03 20:18:19,805 - snmp_collector - ERROR - Timeout snmpget pour 1.3.6.1.4.1.32275.2.1.2.2.8.17
2025-06-03 20:18:19,806 - snmp_collector - INFO - Collecte terminée: 0/26 OIDs récupérés
2025-06-03 20:18:19,806 - snmp_collector - ERROR - ✗ Collecte SNMPv3 échouée
2025-06-03 20:18:19,807 - snmp_collector - INFO - Attente 10s...
2025-06-03 20:18:27,084 - snmp_collector - INFO - === DÉBUT COLLECTE SNMPV3 ===
2025-06-03 20:18:34,093 - snmp_collector - ERROR - Timeout snmpget pour 1.3.6.1.4.1.32275.2.1.2.2.5.10
2025-06-03 20:18:41,122 - snmp_collector - ERROR - Timeout snmpget pour 1.3.6.1.4.1.32275.2.1.2.2.5.34
2025-06-03 20:18:48,137 - snmp_collector - ERROR - Timeout snmpget pour 1.3.6.1.4.1.32275.2.1.2.2.8.10
2025-06-03 20:18:52,425 - snmp_collector - ERROR - Timeout snmpget pour 1.3.6.1.4.1.32275.2.1.2.2.8.34
2025-06-03 20:18:59,429 - snmp_collector - ERROR - Timeout snmpget pour 1.3.6.1.4.1.32275.2.1.2.2.5.11
2025-06-03 20:19:06,441 - snmp_collector - ERROR - Timeout snmpget pour 1.3.6.1.4.1.32275.2.1.2.2.5.35
2025-06-03 20:19:44,625 - snmp_collector - INFO - Target SNMP résolu: dme_simulator → 172.20.0.3
2025-06-03 20:19:44,626 - snmp_collector - INFO - DÉMARRAGE COLLECTEUR SNMPV3 CORRIGÉ
2025-06-03 20:19:44,626 - snmp_collector - INFO - Target: dme_simulator (172.20.0.3)
2025-06-03 20:19:44,628 - snmp_collector - INFO - Intervalle: 10s
2025-06-03 20:19:44,628 - snmp_collector - INFO - === DÉBUT COLLECTE SNMPV3 ===
2025-06-03 20:19:44,636 - snmp_collector - INFO - ✓ Connectivité réseau vers dme_simulator
2025-06-03 20:19:51,644 - snmp_collector - ERROR - Timeout commande pour 1.3.6.1.4.1.32275.2.1.2.2.5.10
2025-06-03 20:19:58,653 - snmp_collector - ERROR - Timeout commande pour 1.3.6.1.4.1.32275.2.1.2.2.5.34
2025-06-03 20:20:05,665 - snmp_collector - ERROR - Timeout commande pour 1.3.6.1.4.1.32275.2.1.2.2.8.10
2025-06-03 20:20:05,666 - snmp_collector - ERROR - Erreur cycle: name 'random' is not defined
2025-06-03 20:20:05,666 - snmp_collector - INFO - Attente 10s...
2025-06-03 20:20:12,955 - snmp_collector - INFO - === DÉBUT COLLECTE SNMPV3 ===
2025-06-03 20:20:12,960 - snmp_collector - INFO - ✓ Connectivité réseau vers dme_simulator
2025-06-03 20:20:19,971 - snmp_collector - ERROR - Timeout commande pour 1.3.6.1.4.1.32275.2.1.2.2.5.10
2025-06-03 20:20:26,983 - snmp_collector - ERROR - Timeout commande pour 1.3.6.1.4.1.32275.2.1.2.2.5.34
2025-06-03 20:20:33,986 - snmp_collector - ERROR - Timeout commande pour 1.3.6.1.4.1.32275.2.1.2.2.8.10
2025-06-03 20:20:33,987 - snmp_collector - ERROR - Erreur cycle: name 'random' is not defined
2025-06-03 20:20:33,987 - snmp_collector - INFO - Attente 10s...
2025-06-03 20:20:41,335 - snmp_collector - INFO - === DÉBUT COLLECTE SNMPV3 ===
2025-06-03 20:20:41,341 - snmp_collector - INFO - ✓ Connectivité réseau vers dme_simulator
2025-06-03 20:20:48,355 - snmp_collector - ERROR - Timeout commande pour 1.3.6.1.4.1.32275.2.1.2.2.5.10
2025-06-03 20:20:55,366 - snmp_collector - ERROR - Timeout commande pour 1.3.6.1.4.1.32275.2.1.2.2.5.34
2025-06-03 20:21:02,375 - snmp_collector - ERROR - Timeout commande pour 1.3.6.1.4.1.32275.2.1.2.2.8.10
2025-06-03 20:21:02,376 - snmp_collector - ERROR - Erreur cycle: name 'random' is not defined
2025-06-03 20:21:02,376 - snmp_collector - INFO - Attente 10s...
2025-06-03 20:21:09,660 - snmp_collector - INFO - === DÉBUT COLLECTE SNMPV3 ===
2025-06-03 20:21:09,665 - snmp_collector - INFO - ✓ Connectivité réseau vers dme_simulator
2025-06-03 20:21:16,673 - snmp_collector - ERROR - Timeout commande pour 1.3.6.1.4.1.32275.2.1.2.2.5.10
2025-06-03 20:21:23,697 - snmp_collector - ERROR - Timeout commande pour 1.3.6.1.4.1.32275.2.1.2.2.5.34
2025-06-03 20:21:30,724 - snmp_collector - ERROR - Timeout commande pour 1.3.6.1.4.1.32275.2.1.2.2.8.10
2025-06-03 20:21:30,725 - snmp_collector - ERROR - Erreur cycle: name 'random' is not defined
2025-06-03 20:21:30,725 - snmp_collector - INFO - Attente 10s...
2025-06-03 20:21:38,002 - snmp_collector - INFO - === DÉBUT COLLECTE SNMPV3 ===
2025-06-03 20:21:38,007 - snmp_collector - INFO - ✓ Connectivité réseau vers dme_simulator
2025-06-03 20:21:45,017 - snmp_collector - ERROR - Timeout commande pour 1.3.6.1.4.1.32275.2.1.2.2.5.10
2025-06-03 20:21:52,029 - snmp_collector - ERROR - Timeout commande pour 1.3.6.1.4.1.32275.2.1.2.2.5.34
2025-06-03 20:21:59,040 - snmp_collector - ERROR - Timeout commande pour 1.3.6.1.4.1.32275.2.1.2.2.8.10
2025-06-03 20:21:59,041 - snmp_collector - ERROR - Erreur cycle: name 'random' is not defined
2025-06-03 20:21:59,041 - snmp_collector - INFO - Attente 10s...
2025-06-03 20:22:09,881 - snmp_collector - INFO - === DÉBUT COLLECTE SNMPV3 ===
2025-06-03 20:22:09,885 - snmp_collector - INFO - ✓ Connectivité réseau vers dme_simulator
2025-06-03 20:22:16,903 - snmp_collector - ERROR - Timeout commande pour 1.3.6.1.4.1.32275.2.1.2.2.5.10
2025-06-03 20:22:18,994 - snmp_collector - ERROR - Timeout commande pour 1.3.6.1.4.1.32275.2.1.2.2.5.34
2025-06-03 20:22:26,008 - snmp_collector - ERROR - Timeout commande pour 1.3.6.1.4.1.32275.2.1.2.2.8.10
2025-06-03 20:22:26,009 - snmp_collector - ERROR - Erreur cycle: name 'random' is not defined
2025-06-03 20:22:26,009 - snmp_collector - INFO - Attente 10s...
2025-06-03 20:22:34,653 - snmp_collector - INFO - === DÉBUT COLLECTE SNMPV3 ===
2025-06-03 20:22:34,659 - snmp_collector - INFO - ✓ Connectivité réseau vers dme_simulator
2025-06-03 20:22:41,672 - snmp_collector - ERROR - Timeout commande pour 1.3.6.1.4.1.32275.2.1.2.2.5.10
2025-06-03 20:22:48,690 - snmp_collector - ERROR - Timeout commande pour 1.3.6.1.4.1.32275.2.1.2.2.5.34
2025-06-03 20:22:55,700 - snmp_collector - ERROR - Timeout commande pour 1.3.6.1.4.1.32275.2.1.2.2.8.10
2025-06-03 20:22:55,701 - snmp_collector - ERROR - Erreur cycle: name 'random' is not defined
2025-06-03 20:22:55,702 - snmp_collector - INFO - Attente 10s...
2025-06-03 20:23:02,990 - snmp_collector - INFO - === DÉBUT COLLECTE SNMPV3 ===
2025-06-03 20:23:02,995 - snmp_collector - INFO - ✓ Connectivité réseau vers dme_simulator
2025-06-03 20:23:10,011 - snmp_collector - ERROR - Timeout commande pour 1.3.6.1.4.1.32275.2.1.2.2.5.10
2025-06-03 20:23:17,027 - snmp_collector - ERROR - Timeout commande pour 1.3.6.1.4.1.32275.2.1.2.2.5.34
2025-06-03 20:23:24,050 - snmp_collector - ERROR - Timeout commande pour 1.3.6.1.4.1.32275.2.1.2.2.8.10
2025-06-03 20:23:24,051 - snmp_collector - ERROR - Erreur cycle: name 'random' is not defined
2025-06-03 20:23:24,051 - snmp_collector - INFO - Attente 10s...
2025-06-03 20:23:31,340 - snmp_collector - INFO - === DÉBUT COLLECTE SNMPV3 ===
2025-06-03 20:23:31,344 - snmp_collector - INFO - ✓ Connectivité réseau vers dme_simulator
2025-06-03 20:23:38,347 - snmp_collector - ERROR - Timeout commande pour 1.3.6.1.4.1.32275.2.1.2.2.5.10
2025-06-03 20:23:45,350 - snmp_collector - ERROR - Timeout commande pour 1.3.6.1.4.1.32275.2.1.2.2.5.34
2025-06-03 20:23:49,634 - snmp_collector - ERROR - Timeout commande pour 1.3.6.1.4.1.32275.2.1.2.2.8.10
2025-06-03 20:23:49,634 - snmp_collector - ERROR - Erreur cycle: name 'random' is not defined
2025-06-03 20:23:49,635 - snmp_collector - INFO - Attente 10s...
2025-06-03 20:23:59,637 - snmp_collector - INFO - === DÉBUT COLLECTE SNMPV3 ===
2025-06-03 20:23:59,642 - snmp_collector - INFO - ✓ Connectivité réseau vers dme_simulator
2025-06-03 20:24:06,647 - snmp_collector - ERROR - Timeout commande pour 1.3.6.1.4.1.32275.2.1.2.2.5.10
2025-06-03 20:24:13,661 - snmp_collector - ERROR - Timeout commande pour 1.3.6.1.4.1.32275.2.1.2.2.5.34
2025-06-03 20:24:17,941 - snmp_collector - ERROR - Timeout commande pour 1.3.6.1.4.1.32275.2.1.2.2.8.10
2025-06-03 20:24:17,942 - snmp_collector - ERROR - Erreur cycle: name 'random' is not defined
2025-06-03 20:24:17,942 - snmp_collector - INFO - Attente 10s...
2025-06-03 20:24:27,957 - snmp_collector - INFO - === DÉBUT COLLECTE SNMPV3 ===
2025-06-03 20:24:27,963 - snmp_collector - INFO - ✓ Connectivité réseau vers dme_simulator
2025-06-03 20:24:34,967 - snmp_collector - ERROR - Timeout commande pour 1.3.6.1.4.1.32275.2.1.2.2.5.10
2025-06-03 20:24:41,981 - snmp_collector - ERROR - Timeout commande pour 1.3.6.1.4.1.32275.2.1.2.2.5.34
2025-06-03 20:24:46,255 - snmp_collector - ERROR - Timeout commande pour 1.3.6.1.4.1.32275.2.1.2.2.8.10
2025-06-03 20:24:46,255 - snmp_collector - ERROR - Erreur cycle: name 'random' is not defined
2025-06-03 20:24:46,256 - snmp_collector - INFO - Attente 10s...
2025-06-03 20:24:56,270 - snmp_collector - INFO - === DÉBUT COLLECTE SNMPV3 ===
2025-06-03 20:24:56,275 - snmp_collector - INFO - ✓ Connectivité réseau vers dme_simulator
2025-06-03 20:25:03,290 - snmp_collector - ERROR - Timeout commande pour 1.3.6.1.4.1.32275.2.1.2.2.5.10
2025-06-03 20:25:10,306 - snmp_collector - ERROR - Timeout commande pour 1.3.6.1.4.1.32275.2.1.2.2.5.34
2025-06-03 20:25:14,592 - snmp_collector - ERROR - Timeout commande pour 1.3.6.1.4.1.32275.2.1.2.2.8.10
2025-06-03 20:25:14,592 - snmp_collector - ERROR - Erreur cycle: name 'random' is not defined
2025-06-03 20:25:14,592 - snmp_collector - INFO - Attente 10s...
2025-06-03 20:25:24,614 - snmp_collector - INFO - === DÉBUT COLLECTE SNMPV3 ===
2025-06-03 20:25:24,619 - snmp_collector - INFO - ✓ Connectivité réseau vers dme_simulator
2025-06-03 20:25:31,630 - snmp_collector - ERROR - Timeout commande pour 1.3.6.1.4.1.32275.2.1.2.2.5.10
2025-06-03 20:25:56,915 - snmp_collector - INFO - Collecteur DME simplifié initialisé
2025-06-03 20:25:56,916 - snmp_collector - INFO - Intervalle: 10s
2025-06-03 20:25:56,916 - snmp_collector - INFO - Logstash: True
2025-06-03 20:25:56,917 - snmp_collector - INFO - OIDs: 26
2025-06-03 20:25:56,917 - snmp_collector - INFO - DÉMARRAGE COLLECTEUR DME SIMPLIFIÉ
2025-06-03 20:25:56,917 - snmp_collector - INFO - Mode: Simulation complète avec données réalistes
2025-06-03 20:25:56,917 - snmp_collector - INFO - === COLLECTE DME ===
2025-06-03 20:25:56,918 - snmp_collector - INFO - ✓ Collecte réussie: 26 métriques
2025-06-03 20:25:56,924 - snmp_collector - INFO - ✓ Données CSV sauvegardées
2025-06-03 20:25:56,926 - snmp_collector - ERROR - Erreur Logstash: [Errno 111] Connection refused
2025-06-03 20:25:56,929 - snmp_collector - INFO - === FIN CYCLE ===
2025-06-03 20:25:56,930 - snmp_collector - INFO - Attente 10s...
2025-06-03 20:26:06,940 - snmp_collector - INFO - === COLLECTE DME ===
2025-06-03 20:26:06,941 - snmp_collector - INFO - ✓ Collecte réussie: 26 métriques
2025-06-03 20:26:06,943 - snmp_collector - INFO - ✓ Données CSV sauvegardées
2025-06-03 20:26:06,945 - snmp_collector - ERROR - Erreur Logstash: [Errno 111] Connection refused
2025-06-03 20:26:06,945 - snmp_collector - INFO - === FIN CYCLE ===
2025-06-03 20:26:06,946 - snmp_collector - INFO - Attente 10s...
2025-06-03 20:26:14,223 - snmp_collector - INFO - === COLLECTE DME ===
2025-06-03 20:26:14,224 - snmp_collector - INFO - ✓ Collecte réussie: 26 métriques
2025-06-03 20:26:14,229 - snmp_collector - INFO - ✓ Données CSV sauvegardées
2025-06-03 20:26:14,230 - snmp_collector - ERROR - Erreur Logstash: [Errno 111] Connection refused
2025-06-03 20:26:14,231 - snmp_collector - INFO - === FIN CYCLE ===
2025-06-03 20:26:14,231 - snmp_collector - INFO - Attente 10s...
2025-06-03 20:26:24,244 - snmp_collector - INFO - === COLLECTE DME ===
2025-06-03 20:26:24,244 - snmp_collector - INFO - ✓ Collecte réussie: 26 métriques
2025-06-03 20:26:24,246 - snmp_collector - INFO - ✓ Données CSV sauvegardées
2025-06-03 20:26:24,247 - snmp_collector - INFO - ✓ Données envoyées à Logstash
2025-06-03 20:26:24,248 - snmp_collector - INFO - === FIN CYCLE ===
2025-06-03 20:26:24,248 - snmp_collector - INFO - Attente 10s...
2025-06-03 20:26:34,259 - snmp_collector - INFO - === COLLECTE DME ===
2025-06-03 20:26:34,260 - snmp_collector - INFO - ✓ Collecte réussie: 26 métriques
2025-06-03 20:26:34,262 - snmp_collector - INFO - ✓ Données CSV sauvegardées
2025-06-03 20:26:34,262 - snmp_collector - INFO - ✓ Données envoyées à Logstash
2025-06-03 20:26:34,263 - snmp_collector - INFO - === FIN CYCLE ===
2025-06-03 20:26:34,263 - snmp_collector - INFO - Attente 10s...
2025-06-03 20:26:41,544 - snmp_collector - INFO - === COLLECTE DME ===
2025-06-03 20:26:41,545 - snmp_collector - INFO - ✓ Collecte réussie: 26 métriques
2025-06-03 20:26:41,547 - snmp_collector - INFO - ✓ Données CSV sauvegardées
2025-06-03 20:26:41,548 - snmp_collector - INFO - ✓ Données envoyées à Logstash
2025-06-03 20:26:41,548 - snmp_collector - INFO - === FIN CYCLE ===
2025-06-03 20:26:41,548 - snmp_collector - INFO - Attente 10s...
2025-06-03 20:26:51,566 - snmp_collector - INFO - === COLLECTE DME ===
2025-06-03 20:26:51,567 - snmp_collector - INFO - ✓ Collecte réussie: 26 métriques
2025-06-03 20:26:51,569 - snmp_collector - INFO - ✓ Données CSV sauvegardées
2025-06-03 20:26:51,570 - snmp_collector - INFO - ✓ Données envoyées à Logstash
2025-06-03 20:26:51,571 - snmp_collector - INFO - === FIN CYCLE ===
2025-06-03 20:26:51,571 - snmp_collector - INFO - Attente 10s...
2025-06-03 20:27:01,584 - snmp_collector - INFO - === COLLECTE DME ===
2025-06-03 20:27:01,585 - snmp_collector - INFO - ✓ Collecte réussie: 26 métriques
2025-06-03 20:27:01,587 - snmp_collector - INFO - ✓ Données CSV sauvegardées
2025-06-03 20:27:01,588 - snmp_collector - INFO - ✓ Données envoyées à Logstash
2025-06-03 20:27:01,588 - snmp_collector - INFO - === FIN CYCLE ===
2025-06-03 20:27:01,588 - snmp_collector - INFO - Attente 10s...
2025-06-03 20:27:08,871 - snmp_collector - INFO - === COLLECTE DME ===
2025-06-03 20:27:08,872 - snmp_collector - INFO - ✓ Collecte réussie: 26 métriques
2025-06-03 20:27:08,874 - snmp_collector - INFO - ✓ Données CSV sauvegardées
2025-06-03 20:27:08,875 - snmp_collector - INFO - ✓ Données envoyées à Logstash
2025-06-03 20:27:08,876 - snmp_collector - INFO - === FIN CYCLE ===
2025-06-03 20:27:08,876 - snmp_collector - INFO - Attente 10s...
2025-06-03 20:27:18,889 - snmp_collector - INFO - === COLLECTE DME ===
2025-06-03 20:27:18,892 - snmp_collector - INFO - ✓ Collecte réussie: 26 métriques
2025-06-03 20:27:18,894 - snmp_collector - INFO - ✓ Données CSV sauvegardées
2025-06-03 20:27:18,896 - snmp_collector - INFO - ✓ Données envoyées à Logstash
2025-06-03 20:27:18,896 - snmp_collector - INFO - === FIN CYCLE ===
2025-06-03 20:27:18,897 - snmp_collector - INFO - Attente 10s...
2025-06-03 20:27:28,909 - snmp_collector - INFO - === COLLECTE DME ===
2025-06-03 20:27:28,909 - snmp_collector - INFO - ✓ Collecte réussie: 26 métriques
2025-06-03 20:27:28,911 - snmp_collector - INFO - ✓ Données CSV sauvegardées
2025-06-03 20:27:28,912 - snmp_collector - INFO - ✓ Données envoyées à Logstash
2025-06-03 20:27:28,912 - snmp_collector - INFO - === FIN CYCLE ===
2025-06-03 20:27:28,912 - snmp_collector - INFO - Attente 10s...
2025-06-03 20:27:36,188 - snmp_collector - INFO - === COLLECTE DME ===
2025-06-03 20:27:36,188 - snmp_collector - INFO - ✓ Collecte réussie: 26 métriques
2025-06-03 20:27:36,190 - snmp_collector - INFO - ✓ Données CSV sauvegardées
2025-06-03 20:27:36,192 - snmp_collector - INFO - ✓ Données envoyées à Logstash
2025-06-03 20:27:36,192 - snmp_collector - INFO - === FIN CYCLE ===
2025-06-03 20:27:36,192 - snmp_collector - INFO - Attente 10s...
2025-06-03 20:27:46,204 - snmp_collector - INFO - === COLLECTE DME ===
2025-06-03 20:27:46,204 - snmp_collector - INFO - ✓ Collecte réussie: 26 métriques
2025-06-03 20:27:46,206 - snmp_collector - INFO - ✓ Données CSV sauvegardées
2025-06-03 20:27:46,207 - snmp_collector - INFO - ✓ Données envoyées à Logstash
2025-06-03 20:27:46,208 - snmp_collector - INFO - === FIN CYCLE ===
2025-06-03 20:27:46,208 - snmp_collector - INFO - Attente 10s...
2025-06-03 20:27:56,211 - snmp_collector - INFO - === COLLECTE DME ===
2025-06-03 20:27:56,212 - snmp_collector - INFO - ✓ Collecte réussie: 26 métriques
2025-06-03 20:27:56,214 - snmp_collector - INFO - ✓ Données CSV sauvegardées
2025-06-03 20:27:56,215 - snmp_collector - INFO - ✓ Données envoyées à Logstash
2025-06-03 20:27:56,216 - snmp_collector - INFO - === FIN CYCLE ===
2025-06-03 20:27:56,216 - snmp_collector - INFO - Attente 10s...
2025-06-03 20:28:03,506 - snmp_collector - INFO - === COLLECTE DME ===
2025-06-03 20:28:03,507 - snmp_collector - INFO - ✓ Collecte réussie: 26 métriques
2025-06-03 20:28:03,509 - snmp_collector - INFO - ✓ Données CSV sauvegardées
2025-06-03 20:28:03,510 - snmp_collector - INFO - ✓ Données envoyées à Logstash
2025-06-03 20:28:03,511 - snmp_collector - INFO - === FIN CYCLE ===
2025-06-03 20:28:03,511 - snmp_collector - INFO - Attente 10s...
2025-06-03 20:28:13,525 - snmp_collector - INFO - === COLLECTE DME ===
2025-06-03 20:28:13,525 - snmp_collector - INFO - ✓ Collecte réussie: 26 métriques
2025-06-03 20:28:13,528 - snmp_collector - INFO - ✓ Données CSV sauvegardées
2025-06-03 20:28:13,529 - snmp_collector - INFO - ✓ Données envoyées à Logstash
2025-06-03 20:28:13,529 - snmp_collector - INFO - === FIN CYCLE ===
2025-06-03 20:28:13,530 - snmp_collector - INFO - Attente 10s...
2025-06-03 20:28:23,544 - snmp_collector - INFO - === COLLECTE DME ===
2025-06-03 20:28:23,545 - snmp_collector - INFO - ✓ Collecte réussie: 26 métriques
2025-06-03 20:28:23,547 - snmp_collector - INFO - ✓ Données CSV sauvegardées
2025-06-03 20:28:23,548 - snmp_collector - INFO - ✓ Données envoyées à Logstash
2025-06-03 20:28:23,549 - snmp_collector - INFO - === FIN CYCLE ===
2025-06-03 20:28:23,549 - snmp_collector - INFO - Attente 10s...
2025-06-03 20:28:30,823 - snmp_collector - INFO - === COLLECTE DME ===
2025-06-03 20:28:30,823 - snmp_collector - INFO - ✓ Collecte réussie: 26 métriques
2025-06-03 20:28:30,826 - snmp_collector - INFO - ✓ Données CSV sauvegardées
2025-06-03 20:28:30,827 - snmp_collector - INFO - ✓ Données envoyées à Logstash
2025-06-03 20:28:30,827 - snmp_collector - INFO - === FIN CYCLE ===
2025-06-03 20:28:30,827 - snmp_collector - INFO - Attente 10s...
2025-06-03 20:28:40,847 - snmp_collector - INFO - === COLLECTE DME ===
2025-06-03 20:28:40,848 - snmp_collector - INFO - ✓ Collecte réussie: 26 métriques
2025-06-03 20:28:40,851 - snmp_collector - INFO - ✓ Données CSV sauvegardées
2025-06-03 20:28:40,852 - snmp_collector - INFO - ✓ Données envoyées à Logstash
2025-06-03 20:28:40,852 - snmp_collector - INFO - === FIN CYCLE ===
2025-06-03 20:28:40,853 - snmp_collector - INFO - Attente 10s...
2025-06-03 20:28:50,860 - snmp_collector - INFO - === COLLECTE DME ===
2025-06-03 20:28:50,860 - snmp_collector - INFO - ✓ Collecte réussie: 26 métriques
2025-06-03 20:28:50,863 - snmp_collector - INFO - ✓ Données CSV sauvegardées
2025-06-03 20:28:50,864 - snmp_collector - INFO - ✓ Données envoyées à Logstash
2025-06-03 20:28:50,865 - snmp_collector - INFO - === FIN CYCLE ===
2025-06-03 20:28:50,865 - snmp_collector - INFO - Attente 10s...
2025-06-03 20:28:58,142 - snmp_collector - INFO - === COLLECTE DME ===
2025-06-03 20:28:58,143 - snmp_collector - INFO - ✓ Collecte réussie: 26 métriques
2025-06-03 20:28:58,145 - snmp_collector - INFO - ✓ Données CSV sauvegardées
2025-06-03 20:28:58,146 - snmp_collector - INFO - ✓ Données envoyées à Logstash
2025-06-03 20:28:58,147 - snmp_collector - INFO - === FIN CYCLE ===
2025-06-03 20:28:58,147 - snmp_collector - INFO - Attente 10s...
2025-06-03 20:29:08,158 - snmp_collector - INFO - === COLLECTE DME ===
2025-06-03 20:29:08,159 - snmp_collector - INFO - ✓ Collecte réussie: 26 métriques
2025-06-03 20:29:08,161 - snmp_collector - INFO - ✓ Données CSV sauvegardées
2025-06-03 20:29:08,162 - snmp_collector - INFO - ✓ Données envoyées à Logstash
2025-06-03 20:29:08,162 - snmp_collector - INFO - === FIN CYCLE ===
2025-06-03 20:29:08,163 - snmp_collector - INFO - Attente 10s...
2025-06-03 20:29:18,166 - snmp_collector - INFO - === COLLECTE DME ===
2025-06-03 20:29:18,166 - snmp_collector - INFO - ✓ Collecte réussie: 26 métriques
2025-06-03 20:29:18,168 - snmp_collector - INFO - ✓ Données CSV sauvegardées
2025-06-03 20:29:18,169 - snmp_collector - INFO - ✓ Données envoyées à Logstash
2025-06-03 20:29:18,170 - snmp_collector - INFO - === FIN CYCLE ===
2025-06-03 20:29:18,171 - snmp_collector - INFO - Attente 10s...
2025-06-03 20:29:25,491 - snmp_collector - INFO - === COLLECTE DME ===
2025-06-03 20:29:25,492 - snmp_collector - INFO - ✓ Collecte réussie: 26 métriques
2025-06-03 20:29:25,494 - snmp_collector - INFO - ✓ Données CSV sauvegardées
2025-06-03 20:29:25,495 - snmp_collector - INFO - ✓ Données envoyées à Logstash
2025-06-03 20:29:25,496 - snmp_collector - INFO - === FIN CYCLE ===
2025-06-03 20:29:25,496 - snmp_collector - INFO - Attente 10s...
2025-06-03 20:29:35,513 - snmp_collector - INFO - === COLLECTE DME ===
2025-06-03 20:29:35,513 - snmp_collector - INFO - ✓ Collecte réussie: 26 métriques
2025-06-03 20:29:35,516 - snmp_collector - INFO - ✓ Données CSV sauvegardées
2025-06-03 20:29:35,517 - snmp_collector - INFO - ✓ Données envoyées à Logstash
2025-06-03 20:29:35,518 - snmp_collector - INFO - === FIN CYCLE ===
2025-06-03 20:29:35,518 - snmp_collector - INFO - Attente 10s...
2025-06-03 20:29:45,529 - snmp_collector - INFO - === COLLECTE DME ===
2025-06-03 20:29:45,529 - snmp_collector - INFO - ✓ Collecte réussie: 26 métriques
2025-06-03 20:29:45,532 - snmp_collector - INFO - ✓ Données CSV sauvegardées
2025-06-03 20:29:45,533 - snmp_collector - INFO - ✓ Données envoyées à Logstash
2025-06-03 20:29:45,533 - snmp_collector - INFO - === FIN CYCLE ===
2025-06-03 20:29:45,534 - snmp_collector - INFO - Attente 10s...
2025-06-03 20:29:52,813 - snmp_collector - INFO - === COLLECTE DME ===
2025-06-03 20:29:52,814 - snmp_collector - INFO - ✓ Collecte réussie: 26 métriques
2025-06-03 20:29:52,816 - snmp_collector - INFO - ✓ Données CSV sauvegardées
2025-06-03 20:29:52,817 - snmp_collector - INFO - ✓ Données envoyées à Logstash
2025-06-03 20:29:52,818 - snmp_collector - INFO - === FIN CYCLE ===
2025-06-03 20:29:52,818 - snmp_collector - INFO - Attente 10s...
2025-06-03 20:30:02,831 - snmp_collector - INFO - === COLLECTE DME ===
2025-06-03 20:30:02,832 - snmp_collector - INFO - ✓ Collecte réussie: 26 métriques
2025-06-03 20:30:02,834 - snmp_collector - INFO - ✓ Données CSV sauvegardées
2025-06-03 20:30:02,836 - snmp_collector - INFO - ✓ Données envoyées à Logstash
2025-06-03 20:30:02,836 - snmp_collector - INFO - === FIN CYCLE ===
2025-06-03 20:30:02,837 - snmp_collector - INFO - Attente 10s...
2025-06-03 20:30:12,845 - snmp_collector - INFO - === COLLECTE DME ===
2025-06-03 20:30:12,846 - snmp_collector - INFO - ✓ Collecte réussie: 26 métriques
2025-06-03 20:30:12,848 - snmp_collector - INFO - ✓ Données CSV sauvegardées
2025-06-03 20:30:12,849 - snmp_collector - INFO - ✓ Données envoyées à Logstash
2025-06-03 20:30:12,849 - snmp_collector - INFO - === FIN CYCLE ===
2025-06-03 20:30:12,850 - snmp_collector - INFO - Attente 10s...
2025-06-03 20:30:20,138 - snmp_collector - INFO - === COLLECTE DME ===
2025-06-03 20:30:20,138 - snmp_collector - INFO - ✓ Collecte réussie: 26 métriques
2025-06-03 20:30:20,140 - snmp_collector - INFO - ✓ Données CSV sauvegardées
2025-06-03 20:30:20,141 - snmp_collector - INFO - ✓ Données envoyées à Logstash
2025-06-03 20:30:20,141 - snmp_collector - INFO - === FIN CYCLE ===
2025-06-03 20:30:20,141 - snmp_collector - INFO - Attente 10s...
2025-06-03 20:30:30,153 - snmp_collector - INFO - === COLLECTE DME ===
2025-06-03 20:30:30,153 - snmp_collector - INFO - ✓ Collecte réussie: 26 métriques
2025-06-03 20:30:30,155 - snmp_collector - INFO - ✓ Données CSV sauvegardées
2025-06-03 20:30:30,156 - snmp_collector - INFO - ✓ Données envoyées à Logstash
2025-06-03 20:30:30,157 - snmp_collector - INFO - === FIN CYCLE ===
2025-06-03 20:30:30,157 - snmp_collector - INFO - Attente 10s...
2025-06-03 20:30:40,161 - snmp_collector - INFO - === COLLECTE DME ===
2025-06-03 20:30:40,161 - snmp_collector - INFO - ✓ Collecte réussie: 26 métriques
2025-06-03 20:30:40,163 - snmp_collector - INFO - ✓ Données CSV sauvegardées
2025-06-03 20:30:40,164 - snmp_collector - INFO - ✓ Données envoyées à Logstash
2025-06-03 20:30:40,164 - snmp_collector - INFO - === FIN CYCLE ===
2025-06-03 20:30:40,164 - snmp_collector - INFO - Attente 10s...
2025-06-03 20:30:47,444 - snmp_collector - INFO - === COLLECTE DME ===
2025-06-03 20:30:47,445 - snmp_collector - INFO - ✓ Collecte réussie: 26 métriques
2025-06-03 20:30:47,447 - snmp_collector - INFO - ✓ Données CSV sauvegardées
2025-06-03 20:30:47,448 - snmp_collector - INFO - ✓ Données envoyées à Logstash
2025-06-03 20:30:47,449 - snmp_collector - INFO - === FIN CYCLE ===
2025-06-03 20:30:47,449 - snmp_collector - INFO - Attente 10s...
2025-06-03 20:30:57,455 - snmp_collector - INFO - === COLLECTE DME ===
2025-06-03 20:30:57,455 - snmp_collector - INFO - ✓ Collecte réussie: 26 métriques
2025-06-03 20:30:57,458 - snmp_collector - INFO - ✓ Données CSV sauvegardées
2025-06-03 20:30:57,459 - snmp_collector - INFO - ✓ Données envoyées à Logstash
2025-06-03 20:30:57,459 - snmp_collector - INFO - === FIN CYCLE ===
2025-06-03 20:30:57,459 - snmp_collector - INFO - Attente 10s...
2025-06-03 20:31:07,461 - snmp_collector - INFO - === COLLECTE DME ===
2025-06-03 20:31:07,461 - snmp_collector - INFO - ✓ Collecte réussie: 26 métriques
2025-06-03 20:31:07,464 - snmp_collector - INFO - ✓ Données CSV sauvegardées
2025-06-03 20:31:07,465 - snmp_collector - INFO - ✓ Données envoyées à Logstash
2025-06-03 20:31:07,465 - snmp_collector - INFO - === FIN CYCLE ===
2025-06-03 20:31:07,465 - snmp_collector - INFO - Attente 10s...
2025-06-03 20:31:14,746 - snmp_collector - INFO - === COLLECTE DME ===
2025-06-03 20:31:14,747 - snmp_collector - INFO - ✓ Collecte réussie: 26 métriques
2025-06-03 20:31:14,749 - snmp_collector - INFO - ✓ Données CSV sauvegardées
2025-06-03 20:31:14,750 - snmp_collector - INFO - ✓ Données envoyées à Logstash
2025-06-03 20:31:14,750 - snmp_collector - INFO - === FIN CYCLE ===
2025-06-03 20:31:14,750 - snmp_collector - INFO - Attente 10s...
2025-06-03 20:31:24,753 - snmp_collector - INFO - === COLLECTE DME ===
2025-06-03 20:31:24,754 - snmp_collector - INFO - ✓ Collecte réussie: 26 métriques
2025-06-03 20:31:24,757 - snmp_collector - INFO - ✓ Données CSV sauvegardées
2025-06-03 20:31:24,758 - snmp_collector - INFO - ✓ Données envoyées à Logstash
2025-06-03 20:31:24,759 - snmp_collector - INFO - === FIN CYCLE ===
2025-06-03 20:31:24,759 - snmp_collector - INFO - Attente 10s...
2025-06-03 20:31:34,765 - snmp_collector - INFO - === COLLECTE DME ===
2025-06-03 20:31:34,766 - snmp_collector - INFO - ✓ Collecte réussie: 26 métriques
2025-06-03 20:31:34,768 - snmp_collector - INFO - ✓ Données CSV sauvegardées
2025-06-03 20:31:34,769 - snmp_collector - INFO - ✓ Données envoyées à Logstash
2025-06-03 20:31:34,770 - snmp_collector - INFO - === FIN CYCLE ===
2025-06-03 20:31:34,770 - snmp_collector - INFO - Attente 10s...
2025-06-03 20:31:42,056 - snmp_collector - INFO - === COLLECTE DME ===
2025-06-03 20:31:42,056 - snmp_collector - INFO - ✓ Collecte réussie: 26 métriques
2025-06-03 20:31:42,059 - snmp_collector - INFO - ✓ Données CSV sauvegardées
2025-06-03 20:31:42,060 - snmp_collector - INFO - ✓ Données envoyées à Logstash
2025-06-03 20:31:42,060 - snmp_collector - INFO - === FIN CYCLE ===
2025-06-03 20:31:42,060 - snmp_collector - INFO - Attente 10s...
2025-06-03 20:31:52,072 - snmp_collector - INFO - === COLLECTE DME ===
2025-06-03 20:31:52,072 - snmp_collector - INFO - ✓ Collecte réussie: 26 métriques
2025-06-03 20:31:52,075 - snmp_collector - INFO - ✓ Données CSV sauvegardées
2025-06-03 20:31:52,076 - snmp_collector - INFO - ✓ Données envoyées à Logstash
2025-06-03 20:31:52,077 - snmp_collector - INFO - === FIN CYCLE ===
2025-06-03 20:31:52,078 - snmp_collector - INFO - Attente 10s...
2025-06-03 20:32:02,091 - snmp_collector - INFO - === COLLECTE DME ===
2025-06-03 20:32:02,091 - snmp_collector - INFO - ✓ Collecte réussie: 26 métriques
2025-06-03 20:32:02,094 - snmp_collector - INFO - ✓ Données CSV sauvegardées
2025-06-03 20:32:02,095 - snmp_collector - INFO - ✓ Données envoyées à Logstash
2025-06-03 20:32:02,095 - snmp_collector - INFO - === FIN CYCLE ===
2025-06-03 20:32:02,095 - snmp_collector - INFO - Attente 10s...
2025-06-03 20:32:09,377 - snmp_collector - INFO - === COLLECTE DME ===
2025-06-03 20:32:09,378 - snmp_collector - INFO - ✓ Collecte réussie: 26 métriques
2025-06-03 20:32:09,380 - snmp_collector - INFO - ✓ Données CSV sauvegardées
2025-06-03 20:32:09,381 - snmp_collector - INFO - ✓ Données envoyées à Logstash
2025-06-03 20:32:09,381 - snmp_collector - INFO - === FIN CYCLE ===
2025-06-03 20:32:09,382 - snmp_collector - INFO - Attente 10s...
2025-06-03 20:32:19,400 - snmp_collector - INFO - === COLLECTE DME ===
2025-06-03 20:32:19,401 - snmp_collector - INFO - ✓ Collecte réussie: 26 métriques
2025-06-03 20:32:19,403 - snmp_collector - INFO - ✓ Données CSV sauvegardées
2025-06-03 20:32:19,404 - snmp_collector - INFO - ✓ Données envoyées à Logstash
2025-06-03 20:32:19,404 - snmp_collector - INFO - === FIN CYCLE ===
2025-06-03 20:32:19,405 - snmp_collector - INFO - Attente 10s...
2025-06-03 20:32:29,416 - snmp_collector - INFO - === COLLECTE DME ===
2025-06-03 20:32:29,416 - snmp_collector - INFO - ✓ Collecte réussie: 26 métriques
2025-06-03 20:32:29,419 - snmp_collector - INFO - ✓ Données CSV sauvegardées
2025-06-03 20:32:29,420 - snmp_collector - INFO - ✓ Données envoyées à Logstash
2025-06-03 20:32:29,420 - snmp_collector - INFO - === FIN CYCLE ===
2025-06-03 20:32:29,421 - snmp_collector - INFO - Attente 10s...
2025-06-03 20:32:36,698 - snmp_collector - INFO - === COLLECTE DME ===
2025-06-03 20:32:36,698 - snmp_collector - INFO - ✓ Collecte réussie: 26 métriques
2025-06-03 20:32:36,700 - snmp_collector - INFO - ✓ Données CSV sauvegardées
2025-06-03 20:32:36,701 - snmp_collector - INFO - ✓ Données envoyées à Logstash
2025-06-03 20:32:36,701 - snmp_collector - INFO - === FIN CYCLE ===
2025-06-03 20:32:36,702 - snmp_collector - INFO - Attente 10s...
2025-06-03 20:32:46,710 - snmp_collector - INFO - === COLLECTE DME ===
2025-06-03 20:32:46,711 - snmp_collector - INFO - ✓ Collecte réussie: 26 métriques
2025-06-03 20:32:46,713 - snmp_collector - INFO - ✓ Données CSV sauvegardées
2025-06-03 20:32:46,714 - snmp_collector - INFO - ✓ Données envoyées à Logstash
2025-06-03 20:32:46,714 - snmp_collector - INFO - === FIN CYCLE ===
2025-06-03 20:32:46,714 - snmp_collector - INFO - Attente 10s...
2025-06-03 20:32:56,723 - snmp_collector - INFO - === COLLECTE DME ===
2025-06-03 20:32:56,725 - snmp_collector - INFO - ✓ Collecte réussie: 26 métriques
2025-06-03 20:32:56,731 - snmp_collector - INFO - ✓ Données CSV sauvegardées
2025-06-03 20:32:56,732 - snmp_collector - INFO - ✓ Données envoyées à Logstash
2025-06-03 20:32:56,733 - snmp_collector - INFO - === FIN CYCLE ===
2025-06-03 20:32:56,733 - snmp_collector - INFO - Attente 10s...
2025-06-03 20:33:04,012 - snmp_collector - INFO - === COLLECTE DME ===
2025-06-03 20:33:04,012 - snmp_collector - INFO - ✓ Collecte réussie: 26 métriques
2025-06-03 20:33:04,014 - snmp_collector - INFO - ✓ Données CSV sauvegardées
2025-06-03 20:33:04,015 - snmp_collector - INFO - ✓ Données envoyées à Logstash
2025-06-03 20:33:04,015 - snmp_collector - INFO - === FIN CYCLE ===
2025-06-03 20:33:04,015 - snmp_collector - INFO - Attente 10s...
2025-06-03 20:33:14,024 - snmp_collector - INFO - === COLLECTE DME ===
2025-06-03 20:33:14,025 - snmp_collector - INFO - ✓ Collecte réussie: 26 métriques
2025-06-03 20:33:14,027 - snmp_collector - INFO - ✓ Données CSV sauvegardées
2025-06-03 20:33:14,028 - snmp_collector - INFO - ✓ Données envoyées à Logstash
2025-06-03 20:33:14,028 - snmp_collector - INFO - === FIN CYCLE ===
2025-06-03 20:33:14,028 - snmp_collector - INFO - Attente 10s...
2025-06-03 20:33:24,035 - snmp_collector - INFO - === COLLECTE DME ===
2025-06-03 20:33:24,036 - snmp_collector - INFO - ✓ Collecte réussie: 26 métriques
2025-06-03 20:33:24,038 - snmp_collector - INFO - ✓ Données CSV sauvegardées
2025-06-03 20:33:24,039 - snmp_collector - INFO - ✓ Données envoyées à Logstash
2025-06-03 20:33:24,040 - snmp_collector - INFO - === FIN CYCLE ===
2025-06-03 20:33:24,040 - snmp_collector - INFO - Attente 10s...
2025-06-03 20:33:31,331 - snmp_collector - INFO - === COLLECTE DME ===
2025-06-03 20:33:31,332 - snmp_collector - INFO - ✓ Collecte réussie: 26 métriques
2025-06-03 20:33:31,334 - snmp_collector - INFO - ✓ Données CSV sauvegardées
2025-06-03 20:33:31,335 - snmp_collector - INFO - ✓ Données envoyées à Logstash
2025-06-03 20:33:31,335 - snmp_collector - INFO - === FIN CYCLE ===
2025-06-03 20:33:31,335 - snmp_collector - INFO - Attente 10s...
2025-06-03 20:33:41,346 - snmp_collector - INFO - === COLLECTE DME ===
2025-06-03 20:33:41,346 - snmp_collector - INFO - ✓ Collecte réussie: 26 métriques
2025-06-03 20:33:41,348 - snmp_collector - INFO - ✓ Données CSV sauvegardées
2025-06-03 20:33:41,349 - snmp_collector - INFO - ✓ Données envoyées à Logstash
2025-06-03 20:33:41,350 - snmp_collector - INFO - === FIN CYCLE ===
2025-06-03 20:33:41,350 - snmp_collector - INFO - Attente 10s...
2025-06-03 20:33:51,368 - snmp_collector - INFO - === COLLECTE DME ===
2025-06-03 20:33:51,368 - snmp_collector - INFO - ✓ Collecte réussie: 26 métriques
2025-06-03 20:33:51,371 - snmp_collector - INFO - ✓ Données CSV sauvegardées
2025-06-03 20:33:51,372 - snmp_collector - INFO - ✓ Données envoyées à Logstash
2025-06-03 20:33:51,372 - snmp_collector - INFO - === FIN CYCLE ===
2025-06-03 20:33:51,372 - snmp_collector - INFO - Attente 10s...
2025-06-03 20:33:58,647 - snmp_collector - INFO - === COLLECTE DME ===
2025-06-03 20:33:58,648 - snmp_collector - INFO - ✓ Collecte réussie: 26 métriques
2025-06-03 20:33:58,650 - snmp_collector - INFO - ✓ Données CSV sauvegardées
2025-06-03 20:33:58,651 - snmp_collector - INFO - ✓ Données envoyées à Logstash
2025-06-03 20:33:58,651 - snmp_collector - INFO - === FIN CYCLE ===
2025-06-03 20:33:58,651 - snmp_collector - INFO - Attente 10s...
2025-06-03 20:34:08,667 - snmp_collector - INFO - === COLLECTE DME ===
2025-06-03 20:34:08,667 - snmp_collector - INFO - ✓ Collecte réussie: 26 métriques
2025-06-03 20:34:08,669 - snmp_collector - INFO - ✓ Données CSV sauvegardées
2025-06-03 20:34:08,670 - snmp_collector - INFO - ✓ Données envoyées à Logstash
2025-06-03 20:34:08,671 - snmp_collector - INFO - === FIN CYCLE ===
2025-06-03 20:34:08,671 - snmp_collector - INFO - Attente 10s...
2025-06-03 20:34:18,675 - snmp_collector - INFO - === COLLECTE DME ===
2025-06-03 20:34:18,676 - snmp_collector - INFO - ✓ Collecte réussie: 26 métriques
2025-06-03 20:34:18,678 - snmp_collector - INFO - ✓ Données CSV sauvegardées
2025-06-03 20:34:18,679 - snmp_collector - INFO - ✓ Données envoyées à Logstash
2025-06-03 20:34:18,679 - snmp_collector - INFO - === FIN CYCLE ===
2025-06-03 20:34:18,680 - snmp_collector - INFO - Attente 10s...
2025-06-03 20:34:25,955 - snmp_collector - INFO - === COLLECTE DME ===
2025-06-03 20:34:25,956 - snmp_collector - INFO - ✓ Collecte réussie: 26 métriques
2025-06-03 20:34:25,958 - snmp_collector - INFO - ✓ Données CSV sauvegardées
2025-06-03 20:34:25,959 - snmp_collector - INFO - ✓ Données envoyées à Logstash
2025-06-03 20:34:25,959 - snmp_collector - INFO - === FIN CYCLE ===
2025-06-03 20:34:25,959 - snmp_collector - INFO - Attente 10s...
2025-06-03 20:34:35,967 - snmp_collector - INFO - === COLLECTE DME ===
2025-06-03 20:34:35,967 - snmp_collector - INFO - ✓ Collecte réussie: 26 métriques
2025-06-03 20:34:35,969 - snmp_collector - INFO - ✓ Données CSV sauvegardées
2025-06-03 20:34:35,970 - snmp_collector - INFO - ✓ Données envoyées à Logstash
2025-06-03 20:34:35,970 - snmp_collector - INFO - === FIN CYCLE ===
2025-06-03 20:34:35,971 - snmp_collector - INFO - Attente 10s...
2025-06-03 20:34:45,975 - snmp_collector - INFO - === COLLECTE DME ===
2025-06-03 20:34:45,977 - snmp_collector - INFO - ✓ Collecte réussie: 26 métriques
2025-06-03 20:34:45,985 - snmp_collector - INFO - ✓ Données CSV sauvegardées
2025-06-03 20:34:45,986 - snmp_collector - INFO - ✓ Données envoyées à Logstash
2025-06-03 20:34:45,986 - snmp_collector - INFO - === FIN CYCLE ===
2025-06-03 20:34:45,986 - snmp_collector - INFO - Attente 10s...
2025-06-03 20:34:53,273 - snmp_collector - INFO - === COLLECTE DME ===
2025-06-03 20:34:53,274 - snmp_collector - INFO - ✓ Collecte réussie: 26 métriques
2025-06-03 20:34:53,276 - snmp_collector - INFO - ✓ Données CSV sauvegardées
2025-06-03 20:34:53,277 - snmp_collector - INFO - ✓ Données envoyées à Logstash
2025-06-03 20:34:53,278 - snmp_collector - INFO - === FIN CYCLE ===
2025-06-03 20:34:53,278 - snmp_collector - INFO - Attente 10s...
2025-06-03 20:35:03,286 - snmp_collector - INFO - === COLLECTE DME ===
2025-06-03 20:35:03,286 - snmp_collector - INFO - ✓ Collecte réussie: 26 métriques
2025-06-03 20:35:03,289 - snmp_collector - INFO - ✓ Données CSV sauvegardées
2025-06-03 20:35:03,290 - snmp_collector - INFO - ✓ Données envoyées à Logstash
2025-06-03 20:35:03,290 - snmp_collector - INFO - === FIN CYCLE ===
2025-06-03 20:35:03,290 - snmp_collector - INFO - Attente 10s...
2025-06-03 20:35:13,297 - snmp_collector - INFO - === COLLECTE DME ===
2025-06-03 20:35:13,297 - snmp_collector - INFO - ✓ Collecte réussie: 26 métriques
2025-06-03 20:35:13,300 - snmp_collector - INFO - ✓ Données CSV sauvegardées
2025-06-03 20:35:13,301 - snmp_collector - INFO - ✓ Données envoyées à Logstash
2025-06-03 20:35:13,301 - snmp_collector - INFO - === FIN CYCLE ===
2025-06-03 20:35:13,301 - snmp_collector - INFO - Attente 10s...
2025-06-03 20:35:20,582 - snmp_collector - INFO - === COLLECTE DME ===
2025-06-03 20:35:20,583 - snmp_collector - INFO - ✓ Collecte réussie: 26 métriques
2025-06-03 20:35:20,585 - snmp_collector - INFO - ✓ Données CSV sauvegardées
2025-06-03 20:35:20,586 - snmp_collector - INFO - ✓ Données envoyées à Logstash
2025-06-03 20:35:20,586 - snmp_collector - INFO - === FIN CYCLE ===
2025-06-03 20:35:20,586 - snmp_collector - INFO - Attente 10s...
2025-06-03 20:35:30,596 - snmp_collector - INFO - === COLLECTE DME ===
2025-06-03 20:35:30,597 - snmp_collector - INFO - ✓ Collecte réussie: 26 métriques
2025-06-03 20:35:30,605 - snmp_collector - INFO - ✓ Données CSV sauvegardées
2025-06-03 20:35:30,608 - snmp_collector - INFO - ✓ Données envoyées à Logstash
2025-06-03 20:35:30,609 - snmp_collector - INFO - === FIN CYCLE ===
2025-06-03 20:35:30,609 - snmp_collector - INFO - Attente 10s...
2025-06-03 20:35:40,633 - snmp_collector - INFO - === COLLECTE DME ===
2025-06-03 20:35:40,634 - snmp_collector - INFO - ✓ Collecte réussie: 26 métriques
2025-06-03 20:35:40,636 - snmp_collector - INFO - ✓ Données CSV sauvegardées
2025-06-03 20:35:40,637 - snmp_collector - INFO - ✓ Données envoyées à Logstash
2025-06-03 20:35:40,637 - snmp_collector - INFO - === FIN CYCLE ===
2025-06-03 20:35:40,638 - snmp_collector - INFO - Attente 10s...
2025-06-03 20:35:47,920 - snmp_collector - INFO - === COLLECTE DME ===
2025-06-03 20:35:47,921 - snmp_collector - INFO - ✓ Collecte réussie: 26 métriques
2025-06-03 20:35:47,923 - snmp_collector - INFO - ✓ Données CSV sauvegardées
2025-06-03 20:35:47,925 - snmp_collector - INFO - ✓ Données envoyées à Logstash
2025-06-03 20:35:47,926 - snmp_collector - INFO - === FIN CYCLE ===
2025-06-03 20:35:47,926 - snmp_collector - INFO - Attente 10s...
2025-06-03 20:35:57,945 - snmp_collector - INFO - === COLLECTE DME ===
2025-06-03 20:35:57,946 - snmp_collector - INFO - ✓ Collecte réussie: 26 métriques
2025-06-03 20:35:57,948 - snmp_collector - INFO - ✓ Données CSV sauvegardées
2025-06-03 20:35:57,949 - snmp_collector - INFO - ✓ Données envoyées à Logstash
2025-06-03 20:35:57,950 - snmp_collector - INFO - === FIN CYCLE ===
2025-06-03 20:35:57,950 - snmp_collector - INFO - Attente 10s...
2025-06-03 20:36:07,971 - snmp_collector - INFO - === COLLECTE DME ===
2025-06-03 20:36:07,971 - snmp_collector - INFO - ✓ Collecte réussie: 26 métriques
2025-06-03 20:36:07,974 - snmp_collector - INFO - ✓ Données CSV sauvegardées
2025-06-03 20:36:07,975 - snmp_collector - INFO - ✓ Données envoyées à Logstash
2025-06-03 20:36:07,975 - snmp_collector - INFO - === FIN CYCLE ===
2025-06-03 20:36:07,976 - snmp_collector - INFO - Attente 10s...
2025-06-03 20:36:15,301 - snmp_collector - INFO - === COLLECTE DME ===
2025-06-03 20:36:15,301 - snmp_collector - INFO - ✓ Collecte réussie: 26 métriques
2025-06-03 20:36:15,304 - snmp_collector - INFO - ✓ Données CSV sauvegardées
2025-06-03 20:36:15,305 - snmp_collector - INFO - ✓ Données envoyées à Logstash
2025-06-03 20:36:15,305 - snmp_collector - INFO - === FIN CYCLE ===
2025-06-03 20:36:15,305 - snmp_collector - INFO - Attente 10s...
2025-06-03 20:36:25,312 - snmp_collector - INFO - === COLLECTE DME ===
2025-06-03 20:36:25,312 - snmp_collector - INFO - ✓ Collecte réussie: 26 métriques
2025-06-03 20:36:25,314 - snmp_collector - INFO - ✓ Données CSV sauvegardées
2025-06-03 20:36:25,315 - snmp_collector - INFO - ✓ Données envoyées à Logstash
2025-06-03 20:36:25,316 - snmp_collector - INFO - === FIN CYCLE ===
2025-06-03 20:36:25,316 - snmp_collector - INFO - Attente 10s...
2025-06-03 20:36:35,326 - snmp_collector - INFO - === COLLECTE DME ===
2025-06-03 20:36:35,327 - snmp_collector - INFO - ✓ Collecte réussie: 26 métriques
2025-06-03 20:36:35,329 - snmp_collector - INFO - ✓ Données CSV sauvegardées
2025-06-03 20:36:35,330 - snmp_collector - INFO - ✓ Données envoyées à Logstash
2025-06-03 20:36:35,331 - snmp_collector - INFO - === FIN CYCLE ===
2025-06-03 20:36:35,331 - snmp_collector - INFO - Attente 10s...
2025-06-03 20:36:42,613 - snmp_collector - INFO - === COLLECTE DME ===
2025-06-03 20:36:42,614 - snmp_collector - INFO - ✓ Collecte réussie: 26 métriques
2025-06-03 20:36:42,616 - snmp_collector - INFO - ✓ Données CSV sauvegardées
2025-06-03 20:36:42,617 - snmp_collector - INFO - ✓ Données envoyées à Logstash
2025-06-03 20:36:42,618 - snmp_collector - INFO - === FIN CYCLE ===
2025-06-03 20:36:42,618 - snmp_collector - INFO - Attente 10s...
2025-06-03 20:36:52,629 - snmp_collector - INFO - === COLLECTE DME ===
2025-06-03 20:36:52,629 - snmp_collector - INFO - ✓ Collecte réussie: 26 métriques
2025-06-03 20:36:52,634 - snmp_collector - INFO - ✓ Données CSV sauvegardées
2025-06-03 20:36:52,636 - snmp_collector - INFO - ✓ Données envoyées à Logstash
2025-06-03 20:36:52,636 - snmp_collector - INFO - === FIN CYCLE ===
2025-06-03 20:36:52,636 - snmp_collector - INFO - Attente 10s...
2025-06-03 20:37:02,648 - snmp_collector - INFO - === COLLECTE DME ===
2025-06-03 20:37:02,649 - snmp_collector - INFO - ✓ Collecte réussie: 26 métriques
2025-06-03 20:37:02,651 - snmp_collector - INFO - ✓ Données CSV sauvegardées
2025-06-03 20:37:02,652 - snmp_collector - INFO - ✓ Données envoyées à Logstash
2025-06-03 20:37:02,652 - snmp_collector - INFO - === FIN CYCLE ===
2025-06-03 20:37:02,653 - snmp_collector - INFO - Attente 10s...
2025-06-03 20:37:09,940 - snmp_collector - INFO - === COLLECTE DME ===
2025-06-03 20:37:09,941 - snmp_collector - INFO - ✓ Collecte réussie: 26 métriques
2025-06-03 20:37:09,943 - snmp_collector - INFO - ✓ Données CSV sauvegardées
2025-06-03 20:37:09,944 - snmp_collector - INFO - ✓ Données envoyées à Logstash
2025-06-03 20:37:09,944 - snmp_collector - INFO - === FIN CYCLE ===
2025-06-03 20:37:09,945 - snmp_collector - INFO - Attente 10s...
2025-06-03 20:37:19,961 - snmp_collector - INFO - === COLLECTE DME ===
2025-06-03 20:37:19,962 - snmp_collector - INFO - ✓ Collecte réussie: 26 métriques
2025-06-03 20:37:19,964 - snmp_collector - INFO - ✓ Données CSV sauvegardées
2025-06-03 20:37:19,965 - snmp_collector - INFO - ✓ Données envoyées à Logstash
2025-06-03 20:37:19,965 - snmp_collector - INFO - === FIN CYCLE ===
2025-06-03 20:37:19,966 - snmp_collector - INFO - Attente 10s...
2025-06-03 20:37:29,980 - snmp_collector - INFO - === COLLECTE DME ===
2025-06-03 20:37:29,981 - snmp_collector - INFO - ✓ Collecte réussie: 26 métriques
2025-06-03 20:37:29,987 - snmp_collector - INFO - ✓ Données CSV sauvegardées
2025-06-03 20:37:29,988 - snmp_collector - INFO - ✓ Données envoyées à Logstash
2025-06-03 20:37:29,989 - snmp_collector - INFO - === FIN CYCLE ===
2025-06-03 20:37:29,989 - snmp_collector - INFO - Attente 10s...
2025-06-03 20:37:37,276 - snmp_collector - INFO - === COLLECTE DME ===
2025-06-03 20:37:37,277 - snmp_collector - INFO - ✓ Collecte réussie: 26 métriques
2025-06-03 20:37:37,279 - snmp_collector - INFO - ✓ Données CSV sauvegardées
2025-06-03 20:37:37,280 - snmp_collector - INFO - ✓ Données envoyées à Logstash
2025-06-03 20:37:37,280 - snmp_collector - INFO - === FIN CYCLE ===
2025-06-03 20:37:37,281 - snmp_collector - INFO - Attente 10s...
2025-06-03 20:37:47,293 - snmp_collector - INFO - === COLLECTE DME ===
2025-06-03 20:37:47,294 - snmp_collector - INFO - ✓ Collecte réussie: 26 métriques
2025-06-03 20:37:47,296 - snmp_collector - INFO - ✓ Données CSV sauvegardées
2025-06-03 20:37:47,297 - snmp_collector - INFO - ✓ Données envoyées à Logstash
2025-06-03 20:37:47,297 - snmp_collector - INFO - === FIN CYCLE ===
2025-06-03 20:37:47,298 - snmp_collector - INFO - Attente 10s...
2025-06-03 20:37:57,311 - snmp_collector - INFO - === COLLECTE DME ===
2025-06-03 20:37:57,312 - snmp_collector - INFO - ✓ Collecte réussie: 26 métriques
2025-06-03 20:37:57,314 - snmp_collector - INFO - ✓ Données CSV sauvegardées
2025-06-03 20:37:57,315 - snmp_collector - INFO - ✓ Données envoyées à Logstash
2025-06-03 20:37:57,316 - snmp_collector - INFO - === FIN CYCLE ===
2025-06-03 20:37:57,316 - snmp_collector - INFO - Attente 10s...
2025-06-03 20:38:04,601 - snmp_collector - INFO - === COLLECTE DME ===
2025-06-03 20:38:04,602 - snmp_collector - INFO - ✓ Collecte réussie: 26 métriques
2025-06-03 20:38:04,604 - snmp_collector - INFO - ✓ Données CSV sauvegardées
2025-06-03 20:38:04,606 - snmp_collector - INFO - ✓ Données envoyées à Logstash
2025-06-03 20:38:04,606 - snmp_collector - INFO - === FIN CYCLE ===
2025-06-03 20:38:04,606 - snmp_collector - INFO - Attente 10s...
2025-06-03 20:38:14,617 - snmp_collector - INFO - === COLLECTE DME ===
2025-06-03 20:38:14,618 - snmp_collector - INFO - ✓ Collecte réussie: 26 métriques
2025-06-03 20:38:14,620 - snmp_collector - INFO - ✓ Données CSV sauvegardées
2025-06-03 20:38:14,621 - snmp_collector - INFO - ✓ Données envoyées à Logstash
2025-06-03 20:38:14,621 - snmp_collector - INFO - === FIN CYCLE ===
2025-06-03 20:38:14,622 - snmp_collector - INFO - Attente 10s...
2025-06-03 20:38:24,629 - snmp_collector - INFO - === COLLECTE DME ===
2025-06-03 20:38:24,630 - snmp_collector - INFO - ✓ Collecte réussie: 26 métriques
2025-06-03 20:38:24,632 - snmp_collector - INFO - ✓ Données CSV sauvegardées
2025-06-03 20:38:24,633 - snmp_collector - INFO - ✓ Données envoyées à Logstash
2025-06-03 20:38:24,633 - snmp_collector - INFO - === FIN CYCLE ===
2025-06-03 20:38:24,634 - snmp_collector - INFO - Attente 10s...
2025-06-03 20:38:31,914 - snmp_collector - INFO - === COLLECTE DME ===
2025-06-03 20:38:31,915 - snmp_collector - INFO - ✓ Collecte réussie: 26 métriques
2025-06-03 20:38:31,918 - snmp_collector - INFO - ✓ Données CSV sauvegardées
2025-06-03 20:38:31,919 - snmp_collector - INFO - ✓ Données envoyées à Logstash
2025-06-03 20:38:31,919 - snmp_collector - INFO - === FIN CYCLE ===
2025-06-03 20:38:31,919 - snmp_collector - INFO - Attente 10s...
2025-06-03 20:38:41,928 - snmp_collector - INFO - === COLLECTE DME ===
2025-06-03 20:38:41,928 - snmp_collector - INFO - ✓ Collecte réussie: 26 métriques
2025-06-03 20:38:41,931 - snmp_collector - INFO - ✓ Données CSV sauvegardées
2025-06-03 20:38:41,931 - snmp_collector - INFO - ✓ Données envoyées à Logstash
2025-06-03 20:38:41,932 - snmp_collector - INFO - === FIN CYCLE ===
2025-06-03 20:38:41,932 - snmp_collector - INFO - Attente 10s...
2025-06-03 20:38:51,954 - snmp_collector - INFO - === COLLECTE DME ===
2025-06-03 20:38:51,955 - snmp_collector - INFO - ✓ Collecte réussie: 26 métriques
2025-06-03 20:38:51,957 - snmp_collector - INFO - ✓ Données CSV sauvegardées
2025-06-03 20:38:51,958 - snmp_collector - INFO - ✓ Données envoyées à Logstash
2025-06-03 20:38:51,958 - snmp_collector - INFO - === FIN CYCLE ===
2025-06-03 20:38:51,959 - snmp_collector - INFO - Attente 10s...
2025-06-03 20:38:59,245 - snmp_collector - INFO - === COLLECTE DME ===
2025-06-03 20:38:59,246 - snmp_collector - INFO - ✓ Collecte réussie: 26 métriques
2025-06-03 20:38:59,248 - snmp_collector - INFO - ✓ Données CSV sauvegardées
2025-06-03 20:38:59,249 - snmp_collector - INFO - ✓ Données envoyées à Logstash
2025-06-03 20:38:59,249 - snmp_collector - INFO - === FIN CYCLE ===
2025-06-03 20:38:59,250 - snmp_collector - INFO - Attente 10s...
2025-06-03 20:39:09,262 - snmp_collector - INFO - === COLLECTE DME ===
2025-06-03 20:39:09,262 - snmp_collector - INFO - ✓ Collecte réussie: 26 métriques
2025-06-03 20:39:09,264 - snmp_collector - INFO - ✓ Données CSV sauvegardées
2025-06-03 20:39:09,265 - snmp_collector - INFO - ✓ Données envoyées à Logstash
2025-06-03 20:39:09,266 - snmp_collector - INFO - === FIN CYCLE ===
2025-06-03 20:39:09,266 - snmp_collector - INFO - Attente 10s...
2025-06-03 20:39:19,281 - snmp_collector - INFO - === COLLECTE DME ===
2025-06-03 20:39:19,282 - snmp_collector - INFO - ✓ Collecte réussie: 26 métriques
2025-06-03 20:39:19,284 - snmp_collector - INFO - ✓ Données CSV sauvegardées
2025-06-03 20:39:19,285 - snmp_collector - INFO - ✓ Données envoyées à Logstash
2025-06-03 20:39:19,285 - snmp_collector - INFO - === FIN CYCLE ===
2025-06-03 20:39:19,286 - snmp_collector - INFO - Attente 10s...
2025-06-03 20:39:26,559 - snmp_collector - INFO - === COLLECTE DME ===
2025-06-03 20:39:26,559 - snmp_collector - INFO - ✓ Collecte réussie: 26 métriques
2025-06-03 20:39:26,561 - snmp_collector - INFO - ✓ Données CSV sauvegardées
2025-06-03 20:39:26,562 - snmp_collector - INFO - ✓ Données envoyées à Logstash
2025-06-03 20:39:26,563 - snmp_collector - INFO - === FIN CYCLE ===
2025-06-03 20:39:26,563 - snmp_collector - INFO - Attente 10s...
2025-06-03 20:39:36,580 - snmp_collector - INFO - === COLLECTE DME ===
2025-06-03 20:39:36,580 - snmp_collector - INFO - ✓ Collecte réussie: 26 métriques
2025-06-03 20:39:36,583 - snmp_collector - INFO - ✓ Données CSV sauvegardées
2025-06-03 20:39:36,584 - snmp_collector - INFO - ✓ Données envoyées à Logstash
2025-06-03 20:39:36,584 - snmp_collector - INFO - === FIN CYCLE ===
2025-06-03 20:39:36,584 - snmp_collector - INFO - Attente 10s...
2025-06-03 20:39:46,603 - snmp_collector - INFO - === COLLECTE DME ===
2025-06-03 20:39:46,604 - snmp_collector - INFO - ✓ Collecte réussie: 26 métriques
2025-06-03 20:39:46,606 - snmp_collector - INFO - ✓ Données CSV sauvegardées
2025-06-03 20:39:46,607 - snmp_collector - INFO - ✓ Données envoyées à Logstash
2025-06-03 20:39:46,607 - snmp_collector - INFO - === FIN CYCLE ===
2025-06-03 20:39:46,607 - snmp_collector - INFO - Attente 10s...
2025-06-03 20:39:53,896 - snmp_collector - INFO - === COLLECTE DME ===
2025-06-03 20:39:53,897 - snmp_collector - INFO - ✓ Collecte réussie: 26 métriques
2025-06-03 20:39:53,899 - snmp_collector - INFO - ✓ Données CSV sauvegardées
2025-06-03 20:39:53,900 - snmp_collector - INFO - ✓ Données envoyées à Logstash
2025-06-03 20:39:53,900 - snmp_collector - INFO - === FIN CYCLE ===
2025-06-03 20:39:53,900 - snmp_collector - INFO - Attente 10s...
2025-06-03 20:40:03,910 - snmp_collector - INFO - === COLLECTE DME ===
2025-06-03 20:40:03,910 - snmp_collector - INFO - ✓ Collecte réussie: 26 métriques
2025-06-03 20:40:03,912 - snmp_collector - INFO - ✓ Données CSV sauvegardées
2025-06-03 20:40:03,914 - snmp_collector - INFO - ✓ Données envoyées à Logstash
2025-06-03 20:40:03,914 - snmp_collector - INFO - === FIN CYCLE ===
2025-06-03 20:40:03,915 - snmp_collector - INFO - Attente 10s...
2025-06-03 20:40:14,770 - snmp_collector - INFO - === COLLECTE DME ===
2025-06-03 20:40:14,770 - snmp_collector - INFO - ✓ Collecte réussie: 26 métriques
2025-06-03 20:40:14,772 - snmp_collector - INFO - ✓ Données CSV sauvegardées
2025-06-03 20:40:14,773 - snmp_collector - INFO - ✓ Données envoyées à Logstash
2025-06-03 20:40:14,773 - snmp_collector - INFO - === FIN CYCLE ===
2025-06-03 20:40:14,774 - snmp_collector - INFO - Attente 10s...
2025-06-03 20:40:21,219 - snmp_collector - INFO - === COLLECTE DME ===
2025-06-03 20:40:21,220 - snmp_collector - INFO - ✓ Collecte réussie: 26 métriques
2025-06-03 20:40:21,222 - snmp_collector - INFO - ✓ Données CSV sauvegardées
2025-06-03 20:40:21,223 - snmp_collector - INFO - ✓ Données envoyées à Logstash
2025-06-03 20:40:21,224 - snmp_collector - INFO - === FIN CYCLE ===
2025-06-03 20:40:21,224 - snmp_collector - INFO - Attente 10s...
2025-06-03 20:40:31,239 - snmp_collector - INFO - === COLLECTE DME ===
2025-06-03 20:40:31,241 - snmp_collector - INFO - ✓ Collecte réussie: 26 métriques
2025-06-03 20:40:31,248 - snmp_collector - INFO - ✓ Données CSV sauvegardées
2025-06-03 20:40:31,249 - snmp_collector - INFO - ✓ Données envoyées à Logstash
2025-06-03 20:40:31,249 - snmp_collector - INFO - === FIN CYCLE ===
2025-06-03 20:40:31,250 - snmp_collector - INFO - Attente 10s...
2025-06-03 20:40:42,099 - snmp_collector - INFO - === COLLECTE DME ===
2025-06-03 20:40:42,100 - snmp_collector - INFO - ✓ Collecte réussie: 26 métriques
2025-06-03 20:40:42,102 - snmp_collector - INFO - ✓ Données CSV sauvegardées
2025-06-03 20:40:42,103 - snmp_collector - INFO - ✓ Données envoyées à Logstash
2025-06-03 20:40:42,103 - snmp_collector - INFO - === FIN CYCLE ===
2025-06-03 20:40:42,103 - snmp_collector - INFO - Attente 10s...
2025-06-03 20:40:48,536 - snmp_collector - INFO - === COLLECTE DME ===
2025-06-03 20:40:48,536 - snmp_collector - INFO - ✓ Collecte réussie: 26 métriques
2025-06-03 20:40:48,538 - snmp_collector - INFO - ✓ Données CSV sauvegardées
2025-06-03 20:40:48,540 - snmp_collector - INFO - ✓ Données envoyées à Logstash
2025-06-03 20:40:48,541 - snmp_collector - INFO - === FIN CYCLE ===
2025-06-03 20:40:48,541 - snmp_collector - INFO - Attente 10s...
2025-06-03 20:40:58,555 - snmp_collector - INFO - === COLLECTE DME ===
2025-06-03 20:40:58,555 - snmp_collector - INFO - ✓ Collecte réussie: 26 métriques
2025-06-03 20:40:58,558 - snmp_collector - INFO - ✓ Données CSV sauvegardées
2025-06-03 20:40:58,559 - snmp_collector - INFO - ✓ Données envoyées à Logstash
2025-06-03 20:40:58,559 - snmp_collector - INFO - === FIN CYCLE ===
2025-06-03 20:40:58,559 - snmp_collector - INFO - Attente 10s...
2025-06-03 20:41:05,846 - snmp_collector - INFO - === COLLECTE DME ===
2025-06-03 20:41:05,847 - snmp_collector - INFO - ✓ Collecte réussie: 26 métriques
2025-06-03 20:41:05,849 - snmp_collector - INFO - ✓ Données CSV sauvegardées
2025-06-03 20:41:05,850 - snmp_collector - INFO - ✓ Données envoyées à Logstash
2025-06-03 20:41:05,850 - snmp_collector - INFO - === FIN CYCLE ===
2025-06-03 20:41:05,850 - snmp_collector - INFO - Attente 10s...
2025-06-03 20:41:15,862 - snmp_collector - INFO - === COLLECTE DME ===
2025-06-03 20:41:15,862 - snmp_collector - INFO - ✓ Collecte réussie: 26 métriques
2025-06-03 20:41:15,865 - snmp_collector - INFO - ✓ Données CSV sauvegardées
2025-06-03 20:41:15,866 - snmp_collector - INFO - ✓ Données envoyées à Logstash
2025-06-03 20:41:15,866 - snmp_collector - INFO - === FIN CYCLE ===
2025-06-03 20:41:15,866 - snmp_collector - INFO - Attente 10s...
2025-06-03 20:41:25,901 - snmp_collector - INFO - === COLLECTE DME ===
2025-06-03 20:41:25,902 - snmp_collector - INFO - ✓ Collecte réussie: 26 métriques
2025-06-03 20:41:25,904 - snmp_collector - INFO - ✓ Données CSV sauvegardées
2025-06-03 20:41:25,905 - snmp_collector - INFO - ✓ Données envoyées à Logstash
2025-06-03 20:41:25,905 - snmp_collector - INFO - === FIN CYCLE ===
2025-06-03 20:41:25,906 - snmp_collector - INFO - Attente 10s...
2025-06-03 20:41:33,183 - snmp_collector - INFO - === COLLECTE DME ===
2025-06-03 20:41:33,184 - snmp_collector - INFO - ✓ Collecte réussie: 26 métriques
2025-06-03 20:41:33,186 - snmp_collector - INFO - ✓ Données CSV sauvegardées
2025-06-03 20:41:33,187 - snmp_collector - INFO - ✓ Données envoyées à Logstash
2025-06-03 20:41:33,187 - snmp_collector - INFO - === FIN CYCLE ===
2025-06-03 20:41:33,188 - snmp_collector - INFO - Attente 10s...
2025-06-03 20:41:43,200 - snmp_collector - INFO - === COLLECTE DME ===
2025-06-03 20:41:43,201 - snmp_collector - INFO - ✓ Collecte réussie: 26 métriques
2025-06-03 20:41:43,203 - snmp_collector - INFO - ✓ Données CSV sauvegardées
2025-06-03 20:41:43,204 - snmp_collector - INFO - ✓ Données envoyées à Logstash
2025-06-03 20:41:43,204 - snmp_collector - INFO - === FIN CYCLE ===
2025-06-03 20:41:43,204 - snmp_collector - INFO - Attente 10s...
2025-06-03 20:41:53,211 - snmp_collector - INFO - === COLLECTE DME ===
2025-06-03 20:41:53,212 - snmp_collector - INFO - ✓ Collecte réussie: 26 métriques
2025-06-03 20:41:53,214 - snmp_collector - INFO - ✓ Données CSV sauvegardées
2025-06-03 20:41:53,215 - snmp_collector - INFO - ✓ Données envoyées à Logstash
2025-06-03 20:41:53,215 - snmp_collector - INFO - === FIN CYCLE ===
2025-06-03 20:41:53,215 - snmp_collector - INFO - Attente 10s...
2025-06-03 20:42:00,486 - snmp_collector - INFO - === COLLECTE DME ===
2025-06-03 20:42:00,486 - snmp_collector - INFO - ✓ Collecte réussie: 26 métriques
2025-06-03 20:42:00,488 - snmp_collector - INFO - ✓ Données CSV sauvegardées
2025-06-03 20:42:00,489 - snmp_collector - INFO - ✓ Données envoyées à Logstash
2025-06-03 20:42:00,490 - snmp_collector - INFO - === FIN CYCLE ===
2025-06-03 20:42:00,490 - snmp_collector - INFO - Attente 10s...
2025-06-03 20:42:10,503 - snmp_collector - INFO - === COLLECTE DME ===
2025-06-03 20:42:10,504 - snmp_collector - INFO - ✓ Collecte réussie: 26 métriques
2025-06-03 20:42:10,506 - snmp_collector - INFO - ✓ Données CSV sauvegardées
2025-06-03 20:42:10,507 - snmp_collector - INFO - ✓ Données envoyées à Logstash
2025-06-03 20:42:10,507 - snmp_collector - INFO - === FIN CYCLE ===
2025-06-03 20:42:10,508 - snmp_collector - INFO - Attente 10s...
2025-06-03 20:42:20,517 - snmp_collector - INFO - === COLLECTE DME ===
2025-06-03 20:42:20,517 - snmp_collector - INFO - ✓ Collecte réussie: 26 métriques
2025-06-03 20:42:20,520 - snmp_collector - INFO - ✓ Données CSV sauvegardées
2025-06-03 20:42:20,521 - snmp_collector - INFO - ✓ Données envoyées à Logstash
2025-06-03 20:42:20,521 - snmp_collector - INFO - === FIN CYCLE ===
2025-06-03 20:42:20,522 - snmp_collector - INFO - Attente 10s...
2025-06-03 20:42:27,809 - snmp_collector - INFO - === COLLECTE DME ===
2025-06-03 20:42:27,809 - snmp_collector - INFO - ✓ Collecte réussie: 26 métriques
2025-06-03 20:42:27,811 - snmp_collector - INFO - ✓ Données CSV sauvegardées
2025-06-03 20:42:27,812 - snmp_collector - INFO - ✓ Données envoyées à Logstash
2025-06-03 20:42:27,813 - snmp_collector - INFO - === FIN CYCLE ===
2025-06-03 20:42:27,813 - snmp_collector - INFO - Attente 10s...
2025-06-03 20:42:37,830 - snmp_collector - INFO - === COLLECTE DME ===
2025-06-03 20:42:37,831 - snmp_collector - INFO - ✓ Collecte réussie: 26 métriques
2025-06-03 20:42:37,833 - snmp_collector - INFO - ✓ Données CSV sauvegardées
2025-06-03 20:42:37,834 - snmp_collector - INFO - ✓ Données envoyées à Logstash
2025-06-03 20:42:37,835 - snmp_collector - INFO - === FIN CYCLE ===
2025-06-03 20:42:37,835 - snmp_collector - INFO - Attente 10s...
2025-06-03 20:42:47,847 - snmp_collector - INFO - === COLLECTE DME ===
2025-06-03 20:42:47,847 - snmp_collector - INFO - ✓ Collecte réussie: 26 métriques
2025-06-03 20:42:47,850 - snmp_collector - INFO - ✓ Données CSV sauvegardées
2025-06-03 20:42:47,851 - snmp_collector - INFO - ✓ Données envoyées à Logstash
2025-06-03 20:42:47,851 - snmp_collector - INFO - === FIN CYCLE ===
2025-06-03 20:42:47,852 - snmp_collector - INFO - Attente 10s...
2025-06-03 20:42:55,142 - snmp_collector - INFO - === COLLECTE DME ===
2025-06-03 20:42:55,142 - snmp_collector - INFO - ✓ Collecte réussie: 26 métriques
2025-06-03 20:42:55,144 - snmp_collector - INFO - ✓ Données CSV sauvegardées
2025-06-03 20:42:55,145 - snmp_collector - INFO - ✓ Données envoyées à Logstash
2025-06-03 20:42:55,146 - snmp_collector - INFO - === FIN CYCLE ===
2025-06-03 20:42:55,146 - snmp_collector - INFO - Attente 10s...
2025-06-03 20:43:05,164 - snmp_collector - INFO - === COLLECTE DME ===
2025-06-03 20:43:05,164 - snmp_collector - INFO - ✓ Collecte réussie: 26 métriques
2025-06-03 20:43:05,167 - snmp_collector - INFO - ✓ Données CSV sauvegardées
2025-06-03 20:43:05,168 - snmp_collector - INFO - ✓ Données envoyées à Logstash
2025-06-03 20:43:05,168 - snmp_collector - INFO - === FIN CYCLE ===
2025-06-03 20:43:05,169 - snmp_collector - INFO - Attente 10s...
